{"name": "test01_delete_success", "status": "failed", "statusDetails": {"message": "AssertionError: assert 500 == 200\n +  where 500 = <built-in method get of dict object at 0x000002B57CC43CC0>('code')\n +    where <built-in method get of dict object at 0x000002B57CC43CC0> = {'code': 500, 'msg': '操作失败'}.get\n +      where {'code': 500, 'msg': '操作失败'} = json()\n +        where json = <Response [200]>.json", "trace": "self = <script.test06_course_delete.TestCourseDelete object at 0x000002B57CB0F4D0>\n\n>   ???\nE   AssertionError: assert 500 == 200\nE    +  where 500 = <built-in method get of dict object at 0x000002B57CC43CC0>('code')\nE    +    where <built-in method get of dict object at 0x000002B57CC43CC0> = {'code': 500, 'msg': '操作失败'}.get\nE    +      where {'code': 500, 'msg': '操作失败'} = json()\nE    +        where json = <Response [200]>.json\n\nD:\\request_project\\script\\test06_course_delete.py:19: AssertionError"}, "start": 1748003832263, "stop": 1748003832477, "uuid": "d4013b58-ba5a-44c4-940f-1b1ed03efaa1", "historyId": "60c09d1c49d9b20ff4f4d5f730573e76", "testCaseId": "60c09d1c49d9b20ff4f4d5f730573e76", "fullName": "script.test06_course_delete.TestCourseDelete#test01_delete_success", "labels": [{"name": "parentSuite", "value": "script"}, {"name": "suite", "value": "test06_course_delete"}, {"name": "subSuite", "value": "TestCourseDelete"}, {"name": "host", "value": "PC-20250215IYAJ"}, {"name": "thread", "value": "15352-MainThread"}, {"name": "framework", "value": "pytest"}, {"name": "language", "value": "cpython3"}, {"name": "package", "value": "script.test06_course_delete"}]}